[01m[K/home/marea/elfin_ws/src/edu-elfin_simulation/arm_controllers/src/Marea_GravityCompAndPDcontroller.cpp:[m[K In member function ‘[01m[Kvoid arm_controllers::Marea_GravityCompAndPDcontroller::chatterCallback(const ConstPtr&)[m[K’:
[01m[K/home/marea/elfin_ws/src/edu-elfin_simulation/arm_controllers/src/Marea_GravityCompAndPDcontroller.cpp:225:47:[m[K [01;31m[Kerror: [m[Kno match for ‘[01m[Koperator=[m[K’ (operand types are ‘[01m[Kstd_msgs::String_<std::allocator<void> >::ConstPtr[m[K’ {aka ‘[01m[Kboost::shared_ptr<const std_msgs::String_<std::allocator<void> > >[m[K’} and ‘[01m[Kconst char*[m[K’)
  225 |          test_messsage = test_msg->data.c_str([01;31m[K)[m[K;
      |                                               [01;31m[K^[m[K
In file included from [01m[K/usr/include/boost/shared_ptr.hpp:17[m[K,
                 from [01m[K/opt/ros/noetic/include/ros/forwards.h:37[m[K,
                 from [01m[K/opt/ros/noetic/include/ros/node_handle.h:31[m[K,
                 from [01m[K/opt/ros/noetic/include/controller_interface/controller_base.h:35[m[K,
                 from [01m[K/opt/ros/noetic/include/controller_interface/controller.h:35[m[K,
                 from [01m[K/home/marea/elfin_ws/src/edu-elfin_simulation/arm_controllers/src/Marea_GravityCompAndPDcontroller.cpp:2[m[K:
[01m[K/usr/include/boost/smart_ptr/shared_ptr.hpp:547:18:[m[K [01;36m[Knote: [m[Kcandidate: ‘[01m[Kboost::shared_ptr<T>& boost::shared_ptr<T>::operator=(const boost::shared_ptr<T>&) [with T = const std_msgs::String_<std::allocator<void> >][m[K’
  547 |     shared_ptr & [01;36m[Koperator[m[K=( shared_ptr const & r ) BOOST_SP_NOEXCEPT
      |                  [01;36m[K^~~~~~~~[m[K
[01m[K/usr/include/boost/smart_ptr/shared_ptr.hpp:547:48:[m[K [01;36m[Knote: [m[K  no known conversion for argument 1 from ‘[01m[Kconst char*[m[K’ to ‘[01m[Kconst boost::shared_ptr<const std_msgs::String_<std::allocator<void> > >&[m[K’
  547 |     shared_ptr & operator=( [01;36m[Kshared_ptr const & r[m[K ) BOOST_SP_NOEXCEPT
      |                             [01;36m[K~~~~~~~~~~~~~~~~~~~^[m[K
[01m[K/usr/include/boost/smart_ptr/shared_ptr.hpp:556:18:[m[K [01;36m[Knote: [m[Kcandidate: ‘[01m[Ktemplate<class Y> boost::shared_ptr<T>& boost::shared_ptr<T>::operator=(const boost::shared_ptr<Y>&) [with Y = Y; T = const std_msgs::String_<std::allocator<void> >][m[K’
  556 |     shared_ptr & [01;36m[Koperator[m[K=(shared_ptr<Y> const & r) BOOST_SP_NOEXCEPT
      |                  [01;36m[K^~~~~~~~[m[K
[01m[K/usr/include/boost/smart_ptr/shared_ptr.hpp:556:18:[m[K [01;36m[Knote: [m[K  template argument deduction/substitution failed:
[01m[K/home/marea/elfin_ws/src/edu-elfin_simulation/arm_controllers/src/Marea_GravityCompAndPDcontroller.cpp:225:47:[m[K [01;36m[Knote: [m[K  mismatched types ‘[01m[Kconst boost::shared_ptr<X>[m[K’ and ‘[01m[Kconst char*[m[K’
  225 |          test_messsage = test_msg->data.c_str([01;36m[K)[m[K;
      |                                               [01;36m[K^[m[K
In file included from [01m[K/usr/include/boost/shared_ptr.hpp:17[m[K,
                 from [01m[K/opt/ros/noetic/include/ros/forwards.h:37[m[K,
                 from [01m[K/opt/ros/noetic/include/ros/node_handle.h:31[m[K,
                 from [01m[K/opt/ros/noetic/include/controller_interface/controller_base.h:35[m[K,
                 from [01m[K/opt/ros/noetic/include/controller_interface/controller.h:35[m[K,
                 from [01m[K/home/marea/elfin_ws/src/edu-elfin_simulation/arm_controllers/src/Marea_GravityCompAndPDcontroller.cpp:2[m[K:
[01m[K/usr/include/boost/smart_ptr/shared_ptr.hpp:567:18:[m[K [01;36m[Knote: [m[Kcandidate: ‘[01m[Ktemplate<class Y> boost::shared_ptr<T>& boost::shared_ptr<T>::operator=(std::auto_ptr<_Up>&) [with Y = Y; T = const std_msgs::String_<std::allocator<void> >][m[K’
  567 |     shared_ptr & [01;36m[Koperator[m[K=( std::auto_ptr<Y> & r )
      |                  [01;36m[K^~~~~~~~[m[K
[01m[K/usr/include/boost/smart_ptr/shared_ptr.hpp:567:18:[m[K [01;36m[Knote: [m[K  template argument deduction/substitution failed:
[01m[K/home/marea/elfin_ws/src/edu-elfin_simulation/arm_controllers/src/Marea_GravityCompAndPDcontroller.cpp:225:47:[m[K [01;36m[Knote: [m[K  mismatched types ‘[01m[Kstd::auto_ptr<Y>[m[K’ and ‘[01m[Kconst char*[m[K’
  225 |          test_messsage = test_msg->data.c_str([01;36m[K)[m[K;
      |                                               [01;36m[K^[m[K
In file included from [01m[K/usr/include/boost/shared_ptr.hpp:17[m[K,
                 from [01m[K/opt/ros/noetic/include/ros/forwards.h:37[m[K,
                 from [01m[K/opt/ros/noetic/include/ros/node_handle.h:31[m[K,
                 from [01m[K/opt/ros/noetic/include/controller_interface/controller_base.h:35[m[K,
                 from [01m[K/opt/ros/noetic/include/controller_interface/controller.h:35[m[K,
                 from [01m[K/home/marea/elfin_ws/src/edu-elfin_simulation/arm_controllers/src/Marea_GravityCompAndPDcontroller.cpp:2[m[K:
[01m[K/usr/include/boost/smart_ptr/shared_ptr.hpp:576:18:[m[K [01;36m[Knote: [m[Kcandidate: ‘[01m[Ktemplate<class Y> boost::shared_ptr<T>& boost::shared_ptr<T>::operator=(std::auto_ptr<_Up>&&) [with Y = Y; T = const std_msgs::String_<std::allocator<void> >][m[K’
  576 |     shared_ptr & [01;36m[Koperator[m[K=( std::auto_ptr<Y> && r )
      |                  [01;36m[K^~~~~~~~[m[K
[01m[K/usr/include/boost/smart_ptr/shared_ptr.hpp:576:18:[m[K [01;36m[Knote: [m[K  template argument deduction/substitution failed:
[01m[K/home/marea/elfin_ws/src/edu-elfin_simulation/arm_controllers/src/Marea_GravityCompAndPDcontroller.cpp:225:47:[m[K [01;36m[Knote: [m[K  mismatched types ‘[01m[Kstd::auto_ptr<Y>[m[K’ and ‘[01m[Kconst char*[m[K’
  225 |          test_messsage = test_msg->data.c_str([01;36m[K)[m[K;
      |                                               [01;36m[K^[m[K
In file included from [01m[K/usr/include/boost/shared_ptr.hpp:17[m[K,
                 from [01m[K/opt/ros/noetic/include/ros/forwards.h:37[m[K,
                 from [01m[K/opt/ros/noetic/include/ros/node_handle.h:31[m[K,
                 from [01m[K/opt/ros/noetic/include/controller_interface/controller_base.h:35[m[K,
                 from [01m[K/opt/ros/noetic/include/controller_interface/controller.h:35[m[K,
                 from [01m[K/home/marea/elfin_ws/src/edu-elfin_simulation/arm_controllers/src/Marea_GravityCompAndPDcontroller.cpp:2[m[K:
[01m[K/usr/include/boost/smart_ptr/shared_ptr.hpp:598:18:[m[K [01;36m[Knote: [m[Kcandidate: ‘[01m[Ktemplate<class Y, class D> boost::shared_ptr<T>& boost::shared_ptr<T>::operator=(std::unique_ptr<_Up, _Ep>&&) [with Y = Y; D = D; T = const std_msgs::String_<std::allocator<void> >][m[K’
  598 |     shared_ptr & [01;36m[Koperator[m[K=( std::unique_ptr<Y, D> && r )
      |                  [01;36m[K^~~~~~~~[m[K
[01m[K/usr/include/boost/smart_ptr/shared_ptr.hpp:598:18:[m[K [01;36m[Knote: [m[K  template argument deduction/substitution failed:
[01m[K/home/marea/elfin_ws/src/edu-elfin_simulation/arm_controllers/src/Marea_GravityCompAndPDcontroller.cpp:225:47:[m[K [01;36m[Knote: [m[K  mismatched types ‘[01m[Kstd::unique_ptr<_Tp, _Dp>[m[K’ and ‘[01m[Kconst char*[m[K’
  225 |          test_messsage = test_msg->data.c_str([01;36m[K)[m[K;
      |                                               [01;36m[K^[m[K
In file included from [01m[K/usr/include/boost/shared_ptr.hpp:17[m[K,
                 from [01m[K/opt/ros/noetic/include/ros/forwards.h:37[m[K,
                 from [01m[K/opt/ros/noetic/include/ros/node_handle.h:31[m[K,
                 from [01m[K/opt/ros/noetic/include/controller_interface/controller_base.h:35[m[K,
                 from [01m[K/opt/ros/noetic/include/controller_interface/controller.h:35[m[K,
                 from [01m[K/home/marea/elfin_ws/src/edu-elfin_simulation/arm_controllers/src/Marea_GravityCompAndPDcontroller.cpp:2[m[K:
[01m[K/usr/include/boost/smart_ptr/shared_ptr.hpp:607:18:[m[K [01;36m[Knote: [m[Kcandidate: ‘[01m[Ktemplate<class Y, class D> boost::shared_ptr<T>& boost::shared_ptr<T>::operator=(boost::movelib::unique_ptr<Y, D>) [with Y = Y; D = D; T = const std_msgs::String_<std::allocator<void> >][m[K’
  607 |     shared_ptr & [01;36m[Koperator[m[K=( boost::movelib::unique_ptr<Y, D> r )
      |                  [01;36m[K^~~~~~~~[m[K
[01m[K/usr/include/boost/smart_ptr/shared_ptr.hpp:607:18:[m[K [01;36m[Knote: [m[K  template argument deduction/substitution failed:
[01m[K/home/marea/elfin_ws/src/edu-elfin_simulation/arm_controllers/src/Marea_GravityCompAndPDcontroller.cpp:225:47:[m[K [01;36m[Knote: [m[K  mismatched types ‘[01m[Kboost::movelib::unique_ptr<Y, D>[m[K’ and ‘[01m[Kconst char*[m[K’
  225 |          test_messsage = test_msg->data.c_str([01;36m[K)[m[K;
      |                                               [01;36m[K^[m[K
In file included from [01m[K/usr/include/boost/shared_ptr.hpp:17[m[K,
                 from [01m[K/opt/ros/noetic/include/ros/forwards.h:37[m[K,
                 from [01m[K/opt/ros/noetic/include/ros/node_handle.h:31[m[K,
                 from [01m[K/opt/ros/noetic/include/controller_interface/controller_base.h:35[m[K,
                 from [01m[K/opt/ros/noetic/include/controller_interface/controller.h:35[m[K,
                 from [01m[K/home/marea/elfin_ws/src/edu-elfin_simulation/arm_controllers/src/Marea_GravityCompAndPDcontroller.cpp:2[m[K:
[01m[K/usr/include/boost/smart_ptr/shared_ptr.hpp:658:18:[m[K [01;36m[Knote: [m[Kcandidate: ‘[01m[Kboost::shared_ptr<T>& boost::shared_ptr<T>::operator=(boost::shared_ptr<T>&&) [with T = const std_msgs::String_<std::allocator<void> >][m[K’
  658 |     shared_ptr & [01;36m[Koperator[m[K=( shared_ptr && r ) BOOST_SP_NOEXCEPT
      |                  [01;36m[K^~~~~~~~[m[K
[01m[K/usr/include/boost/smart_ptr/shared_ptr.hpp:658:43:[m[K [01;36m[Knote: [m[K  no known conversion for argument 1 from ‘[01m[Kconst char*[m[K’ to ‘[01m[Kboost::shared_ptr<const std_msgs::String_<std::allocator<void> > >&&[m[K’
  658 |     shared_ptr & operator=( [01;36m[Kshared_ptr && r[m[K ) BOOST_SP_NOEXCEPT
      |                             [01;36m[K~~~~~~~~~~~~~~^[m[K
[01m[K/usr/include/boost/smart_ptr/shared_ptr.hpp:665:18:[m[K [01;36m[Knote: [m[Kcandidate: ‘[01m[Ktemplate<class Y> boost::shared_ptr<T>& boost::shared_ptr<T>::operator=(boost::shared_ptr<Y>&&) [with Y = Y; T = const std_msgs::String_<std::allocator<void> >][m[K’
  665 |     shared_ptr & [01;36m[Koperator[m[K=( shared_ptr<Y> && r ) BOOST_SP_NOEXCEPT
      |                  [01;36m[K^~~~~~~~[m[K
[01m[K/usr/include/boost/smart_ptr/shared_ptr.hpp:665:18:[m[K [01;36m[Knote: [m[K  template argument deduction/substitution failed:
[01m[K/home/marea/elfin_ws/src/edu-elfin_simulation/arm_controllers/src/Marea_GravityCompAndPDcontroller.cpp:225:47:[m[K [01;36m[Knote: [m[K  mismatched types ‘[01m[Kboost::shared_ptr<X>[m[K’ and ‘[01m[Kconst char*[m[K’
  225 |          test_messsage = test_msg->data.c_str([01;36m[K)[m[K;
      |                                               [01;36m[K^[m[K
In file included from [01m[K/usr/include/boost/shared_ptr.hpp:17[m[K,
                 from [01m[K/opt/ros/noetic/include/ros/forwards.h:37[m[K,
                 from [01m[K/opt/ros/noetic/include/ros/node_handle.h:31[m[K,
                 from [01m[K/opt/ros/noetic/include/controller_interface/controller_base.h:35[m[K,
                 from [01m[K/opt/ros/noetic/include/controller_interface/controller.h:35[m[K,
                 from [01m[K/home/marea/elfin_ws/src/edu-elfin_simulation/arm_controllers/src/Marea_GravityCompAndPDcontroller.cpp:2[m[K:
[01m[K/usr/include/boost/smart_ptr/shared_ptr.hpp:683:18:[m[K [01;36m[Knote: [m[Kcandidate: ‘[01m[Kboost::shared_ptr<T>& boost::shared_ptr<T>::operator=(boost::detail::sp_nullptr_t) [with T = const std_msgs::String_<std::allocator<void> >; boost::detail::sp_nullptr_t = std::nullptr_t][m[K’
  683 |     shared_ptr & [01;36m[Koperator[m[K=( boost::detail::sp_nullptr_t ) BOOST_SP_NOEXCEPT
      |                  [01;36m[K^~~~~~~~[m[K
[01m[K/usr/include/boost/smart_ptr/shared_ptr.hpp:683:29:[m[K [01;36m[Knote: [m[K  no known conversion for argument 1 from ‘[01m[Kconst char*[m[K’ to ‘[01m[Kboost::detail::sp_nullptr_t[m[K’ {aka ‘[01m[Kstd::nullptr_t[m[K’}
  683 |     shared_ptr & operator=( [01;36m[Kboost::detail::sp_nullptr_t[m[K ) BOOST_SP_NOEXCEPT
      |                             [01;36m[K^~~~~~~~~~~~~~~~~~~~~~~~~~~[m[K
make[2]: *** [CMakeFiles/arm_controllers.dir/build.make:141: CMakeFiles/arm_controllers.dir/src/Marea_GravityCompAndPDcontroller.cpp.o] Error 1
make[1]: *** [CMakeFiles/Makefile2:385: CMakeFiles/arm_controllers.dir/all] Error 2
make: *** [Makefile:141: all] Error 2
