[01m[K/home/marea/elfin_ws/src/edu-elfin_simulation/arm_controllers/src/Marea_GravityCompAndPDcontroller.cpp:[m[K In member function ‘[01m[Kvoid arm_controllers::Marea_GravityCompAndPDcontroller::chatterCallback(const ConstPtr&)[m[K’:
[01m[K/home/marea/elfin_ws/src/edu-elfin_simulation/arm_controllers/src/Marea_GravityCompAndPDcontroller.cpp:224:34:[m[K [01;35m[Kwarning: [m[KNULL used in arithmetic [[01;35m[K-Wpointer-arith[m[K]
  224 |     if (test_msg->data.size() != [01;35m[KNULL[m[K)
      |                                  [01;35m[K^~~~[m[K
In file included from [01m[K/usr/include/boost/function/detail/maybe_include.hpp:22[m[K,
                 from [01m[K/usr/include/boost/function/detail/function_iterate.hpp:14[m[K,
                 from [01m[K/usr/include/boost/preprocessor/iteration/detail/iter/forward1.hpp:53[m[K,
                 from [01m[K/usr/include/boost/function.hpp:71[m[K,
                 from [01m[K/opt/ros/noetic/include/ros/forwards.h:40[m[K,
                 from [01m[K/opt/ros/noetic/include/ros/node_handle.h:31[m[K,
                 from [01m[K/opt/ros/noetic/include/controller_interface/controller_base.h:35[m[K,
                 from [01m[K/opt/ros/noetic/include/controller_interface/controller.h:35[m[K,
                 from [01m[K/home/marea/elfin_ws/src/edu-elfin_simulation/arm_controllers/src/Marea_GravityCompAndPDcontroller.cpp:2[m[K:
/usr/include/boost/function/function_template.hpp: In instantiation of ‘[01m[Kstatic void boost::detail::function::function_void_mem_invoker1<MemberPtr, R, T0>::invoke(boost::detail::function::function_buffer&, T0) [with MemberPtr = void (arm_controllers::Marea_GravityCompAndPDcontroller::*)(const boost::shared_ptr<const std_msgs::String_<std::allocator<void> > >&); R = void; T0 = const boost::shared_ptr<const boost::shared_ptr<const std_msgs::String_<std::allocator<void> > > >&][m[K’:
[01m[K/usr/include/boost/function/function_template.hpp:931:38:[m[K   required from ‘[01m[Kvoid boost::function1<R, T1>::assign_to(Functor) [with Functor = void (arm_controllers::Marea_GravityCompAndPDcontroller::*)(const boost::shared_ptr<const std_msgs::String_<std::allocator<void> > >&); R = void; T0 = const boost::shared_ptr<const boost::shared_ptr<const std_msgs::String_<std::allocator<void> > > >&][m[K’
[01m[K/usr/include/boost/function/function_template.hpp:720:7:[m[K   required from ‘[01m[Kboost::function1<R, T1>::function1(Functor, typename boost::enable_if_<(! boost::is_integral<Functor>::value), int>::type) [with Functor = void (arm_controllers::Marea_GravityCompAndPDcontroller::*)(const boost::shared_ptr<const std_msgs::String_<std::allocator<void> > >&); R = void; T0 = const boost::shared_ptr<const boost::shared_ptr<const std_msgs::String_<std::allocator<void> > > >&; typename boost::enable_if_<(! boost::is_integral<Functor>::value), int>::type = int][m[K’
[01m[K/usr/include/boost/function/function_template.hpp:1068:16:[m[K   required from ‘[01m[Kboost::function<R(T0)>::function(Functor, typename boost::enable_if_<(! boost::is_integral<Functor>::value), int>::type) [with Functor = void (arm_controllers::Marea_GravityCompAndPDcontroller::*)(const boost::shared_ptr<const std_msgs::String_<std::allocator<void> > >&); R = void; T0 = const boost::shared_ptr<const boost::shared_ptr<const std_msgs::String_<std::allocator<void> > > >&; typename boost::enable_if_<(! boost::is_integral<Functor>::value), int>::type = int][m[K’
[01m[K/home/marea/elfin_ws/src/edu-elfin_simulation/arm_controllers/src/Marea_GravityCompAndPDcontroller.cpp:216:120:[m[K   required from here
[01m[K/usr/include/boost/function/function_template.hpp:230:11:[m[K [01;31m[Kerror: [m[Kno match for call to ‘[01m[K(boost::_mfi::mf1<void, arm_controllers::Marea_GravityCompAndPDcontroller, const boost::shared_ptr<const std_msgs::String_<std::allocator<void> > >&>) (const boost::shared_ptr<const boost::shared_ptr<const std_msgs::String_<std::allocator<void> > > >&)[m[K’
  230 |           [01;31m[KBOOST_FUNCTION_RETURN[m[K(boost::mem_fn(*f)(BOOST_FUNCTION_ARGS));
      |           [01;31m[K^~~~~~~~~~~~~~~~~~~~~[m[K
In file included from [01m[K/usr/include/boost/bind/mem_fn.hpp:215[m[K,
                 from [01m[K/usr/include/boost/mem_fn.hpp:22[m[K,
                 from [01m[K/usr/include/boost/function/detail/prologue.hpp:18[m[K,
                 from [01m[K/usr/include/boost/function.hpp:30[m[K,
                 from [01m[K/opt/ros/noetic/include/ros/forwards.h:40[m[K,
                 from [01m[K/opt/ros/noetic/include/ros/node_handle.h:31[m[K,
                 from [01m[K/opt/ros/noetic/include/controller_interface/controller_base.h:35[m[K,
                 from [01m[K/opt/ros/noetic/include/controller_interface/controller.h:35[m[K,
                 from [01m[K/home/marea/elfin_ws/src/edu-elfin_simulation/arm_controllers/src/Marea_GravityCompAndPDcontroller.cpp:2[m[K:
[01m[K/usr/include/boost/bind/mem_fn_template.hpp:163:7:[m[K [01;36m[Knote: [m[Kcandidate: ‘[01m[KR boost::_mfi::mf1<R, T, A1>::operator()(T*, A1) const [with R = void; T = arm_controllers::Marea_GravityCompAndPDcontroller; A1 = const boost::shared_ptr<const std_msgs::String_<std::allocator<void> > >&][m[K’
  163 |     R [01;36m[Koperator[m[K()(T * p, A1 a1) const
      |       [01;36m[K^~~~~~~~[m[K
[01m[K/usr/include/boost/bind/mem_fn_template.hpp:163:7:[m[K [01;36m[Knote: [m[K  candidate expects 2 arguments, 1 provided
[01m[K/usr/include/boost/bind/mem_fn_template.hpp:168:25:[m[K [01;36m[Knote: [m[Kcandidate: ‘[01m[Ktemplate<class U> R boost::_mfi::mf1<R, T, A1>::operator()(U&, A1) const [with U = U; R = void; T = arm_controllers::Marea_GravityCompAndPDcontroller; A1 = const boost::shared_ptr<const std_msgs::String_<std::allocator<void> > >&][m[K’
  168 |     template<class U> R [01;36m[Koperator[m[K()(U & u, A1 a1) const
      |                         [01;36m[K^~~~~~~~[m[K
[01m[K/usr/include/boost/bind/mem_fn_template.hpp:168:25:[m[K [01;36m[Knote: [m[K  template argument deduction/substitution failed:
In file included from [01m[K/usr/include/boost/function/detail/maybe_include.hpp:22[m[K,
                 from [01m[K/usr/include/boost/function/detail/function_iterate.hpp:14[m[K,
                 from [01m[K/usr/include/boost/preprocessor/iteration/detail/iter/forward1.hpp:53[m[K,
                 from [01m[K/usr/include/boost/function.hpp:71[m[K,
                 from [01m[K/opt/ros/noetic/include/ros/forwards.h:40[m[K,
                 from [01m[K/opt/ros/noetic/include/ros/node_handle.h:31[m[K,
                 from [01m[K/opt/ros/noetic/include/controller_interface/controller_base.h:35[m[K,
                 from [01m[K/opt/ros/noetic/include/controller_interface/controller.h:35[m[K,
                 from [01m[K/home/marea/elfin_ws/src/edu-elfin_simulation/arm_controllers/src/Marea_GravityCompAndPDcontroller.cpp:2[m[K:
[01m[K/usr/include/boost/function/function_template.hpp:230:11:[m[K [01;36m[Knote: [m[K  candidate expects 2 arguments, 1 provided
  230 |           [01;36m[KBOOST_FUNCTION_RETURN[m[K(boost::mem_fn(*f)(BOOST_FUNCTION_ARGS));
      |           [01;36m[K^~~~~~~~~~~~~~~~~~~~~[m[K
In file included from [01m[K/usr/include/boost/bind/mem_fn.hpp:215[m[K,
                 from [01m[K/usr/include/boost/mem_fn.hpp:22[m[K,
                 from [01m[K/usr/include/boost/function/detail/prologue.hpp:18[m[K,
                 from [01m[K/usr/include/boost/function.hpp:30[m[K,
                 from [01m[K/opt/ros/noetic/include/ros/forwards.h:40[m[K,
                 from [01m[K/opt/ros/noetic/include/ros/node_handle.h:31[m[K,
                 from [01m[K/opt/ros/noetic/include/controller_interface/controller_base.h:35[m[K,
                 from [01m[K/opt/ros/noetic/include/controller_interface/controller.h:35[m[K,
                 from [01m[K/home/marea/elfin_ws/src/edu-elfin_simulation/arm_controllers/src/Marea_GravityCompAndPDcontroller.cpp:2[m[K:
[01m[K/usr/include/boost/bind/mem_fn_template.hpp:176:25:[m[K [01;36m[Knote: [m[Kcandidate: ‘[01m[Ktemplate<class U> R boost::_mfi::mf1<R, T, A1>::operator()(const U&, A1) const [with U = U; R = void; T = arm_controllers::Marea_GravityCompAndPDcontroller; A1 = const boost::shared_ptr<const std_msgs::String_<std::allocator<void> > >&][m[K’
  176 |     template<class U> R [01;36m[Koperator[m[K()(U const & u, A1 a1) const
      |                         [01;36m[K^~~~~~~~[m[K
[01m[K/usr/include/boost/bind/mem_fn_template.hpp:176:25:[m[K [01;36m[Knote: [m[K  template argument deduction/substitution failed:
In file included from [01m[K/usr/include/boost/function/detail/maybe_include.hpp:22[m[K,
                 from [01m[K/usr/include/boost/function/detail/function_iterate.hpp:14[m[K,
                 from [01m[K/usr/include/boost/preprocessor/iteration/detail/iter/forward1.hpp:53[m[K,
                 from [01m[K/usr/include/boost/function.hpp:71[m[K,
                 from [01m[K/opt/ros/noetic/include/ros/forwards.h:40[m[K,
                 from [01m[K/opt/ros/noetic/include/ros/node_handle.h:31[m[K,
                 from [01m[K/opt/ros/noetic/include/controller_interface/controller_base.h:35[m[K,
                 from [01m[K/opt/ros/noetic/include/controller_interface/controller.h:35[m[K,
                 from [01m[K/home/marea/elfin_ws/src/edu-elfin_simulation/arm_controllers/src/Marea_GravityCompAndPDcontroller.cpp:2[m[K:
[01m[K/usr/include/boost/function/function_template.hpp:230:11:[m[K [01;36m[Knote: [m[K  candidate expects 2 arguments, 1 provided
  230 |           [01;36m[KBOOST_FUNCTION_RETURN[m[K(boost::mem_fn(*f)(BOOST_FUNCTION_ARGS));
      |           [01;36m[K^~~~~~~~~~~~~~~~~~~~~[m[K
In file included from [01m[K/usr/include/boost/bind/mem_fn.hpp:215[m[K,
                 from [01m[K/usr/include/boost/mem_fn.hpp:22[m[K,
                 from [01m[K/usr/include/boost/function/detail/prologue.hpp:18[m[K,
                 from [01m[K/usr/include/boost/function.hpp:30[m[K,
                 from [01m[K/opt/ros/noetic/include/ros/forwards.h:40[m[K,
                 from [01m[K/opt/ros/noetic/include/ros/node_handle.h:31[m[K,
                 from [01m[K/opt/ros/noetic/include/controller_interface/controller_base.h:35[m[K,
                 from [01m[K/opt/ros/noetic/include/controller_interface/controller.h:35[m[K,
                 from [01m[K/home/marea/elfin_ws/src/edu-elfin_simulation/arm_controllers/src/Marea_GravityCompAndPDcontroller.cpp:2[m[K:
[01m[K/usr/include/boost/bind/mem_fn_template.hpp:184:7:[m[K [01;36m[Knote: [m[Kcandidate: ‘[01m[KR boost::_mfi::mf1<R, T, A1>::operator()(T&, A1) const [with R = void; T = arm_controllers::Marea_GravityCompAndPDcontroller; A1 = const boost::shared_ptr<const std_msgs::String_<std::allocator<void> > >&][m[K’
  184 |     R [01;36m[Koperator[m[K()(T & t, A1 a1) const
      |       [01;36m[K^~~~~~~~[m[K
[01m[K/usr/include/boost/bind/mem_fn_template.hpp:184:7:[m[K [01;36m[Knote: [m[K  candidate expects 2 arguments, 1 provided
In file included from [01m[K/usr/include/boost/function/detail/maybe_include.hpp:22[m[K,
                 from [01m[K/usr/include/boost/function/detail/function_iterate.hpp:14[m[K,
                 from [01m[K/usr/include/boost/preprocessor/iteration/detail/iter/forward1.hpp:53[m[K,
                 from [01m[K/usr/include/boost/function.hpp:71[m[K,
                 from [01m[K/opt/ros/noetic/include/ros/forwards.h:40[m[K,
                 from [01m[K/opt/ros/noetic/include/ros/node_handle.h:31[m[K,
                 from [01m[K/opt/ros/noetic/include/controller_interface/controller_base.h:35[m[K,
                 from [01m[K/opt/ros/noetic/include/controller_interface/controller.h:35[m[K,
                 from [01m[K/home/marea/elfin_ws/src/edu-elfin_simulation/arm_controllers/src/Marea_GravityCompAndPDcontroller.cpp:2[m[K:
/usr/include/boost/function/function_template.hpp: In instantiation of ‘[01m[Kstatic void boost::detail::function::void_function_obj_invoker1<FunctionObj, R, T0>::invoke(boost::detail::function::function_buffer&, T0) [with FunctionObj = boost::function<void(const boost::shared_ptr<const boost::shared_ptr<const std_msgs::String_<std::allocator<void> > > >&)>; R = void; T0 = boost::shared_ptr<const std_msgs::String_<std::allocator<void> > >][m[K’:
[01m[K/usr/include/boost/function/function_template.hpp:931:38:[m[K   required from ‘[01m[Kvoid boost::function1<R, T1>::assign_to(Functor) [with Functor = boost::function<void(const boost::shared_ptr<const boost::shared_ptr<const std_msgs::String_<std::allocator<void> > > >&)>; R = void; T0 = boost::shared_ptr<const std_msgs::String_<std::allocator<void> > >][m[K’
[01m[K/usr/include/boost/function/function_template.hpp:720:7:[m[K   required from ‘[01m[Kboost::function1<R, T1>::function1(Functor, typename boost::enable_if_<(! boost::is_integral<Functor>::value), int>::type) [with Functor = boost::function<void(const boost::shared_ptr<const boost::shared_ptr<const std_msgs::String_<std::allocator<void> > > >&)>; R = void; T0 = boost::shared_ptr<const std_msgs::String_<std::allocator<void> > >; typename boost::enable_if_<(! boost::is_integral<Functor>::value), int>::type = int][m[K’
[01m[K/usr/include/boost/function/function_template.hpp:1068:16:[m[K   required from ‘[01m[Kboost::function<R(T0)>::function(Functor, typename boost::enable_if_<(! boost::is_integral<Functor>::value), int>::type) [with Functor = boost::function<void(const boost::shared_ptr<const boost::shared_ptr<const std_msgs::String_<std::allocator<void> > > >&)>; R = void; T0 = boost::shared_ptr<const std_msgs::String_<std::allocator<void> > >; typename boost::enable_if_<(! boost::is_integral<Functor>::value), int>::type = int][m[K’
[01m[K/usr/include/boost/smart_ptr/make_shared_object.hpp:256:5:[m[K   required from ‘[01m[Ktypename boost::detail::sp_if_not_array<T>::type boost::make_shared(Args&& ...) [with T = ros::SubscriptionCallbackHelperT<const boost::shared_ptr<const std_msgs::String_<std::allocator<void> > >&, void>; Args = {const boost::function<void(const boost::shared_ptr<const boost::shared_ptr<const std_msgs::String_<std::allocator<void> > > >&)>&, const boost::function<boost::shared_ptr<boost::shared_ptr<const std_msgs::String_<std::allocator<void> > > >()>&}; typename boost::detail::sp_if_not_array<T>::type = boost::shared_ptr<ros::SubscriptionCallbackHelperT<const boost::shared_ptr<const std_msgs::String_<std::allocator<void> > >&, void> >][m[K’
[01m[K/opt/ros/noetic/include/ros/subscribe_options.h:112:107:[m[K   required from ‘[01m[Kvoid ros::SubscribeOptions::init(const string&, uint32_t, const boost::function<void(const boost::shared_ptr<const M>&)>&, const boost::function<boost::shared_ptr<X>()>&) [with M = boost::shared_ptr<const std_msgs::String_<std::allocator<void> > >; std::string = std::__cxx11::basic_string<char>; uint32_t = unsigned int][m[K’
[01m[K/opt/ros/noetic/include/ros/node_handle.h:754:5:[m[K   required from ‘[01m[Kros::Subscriber ros::NodeHandle::subscribe(const string&, uint32_t, const boost::function<void(const boost::shared_ptr<const M>&)>&, const VoidConstPtr&, const ros::TransportHints&) [with M = boost::shared_ptr<const std_msgs::String_<std::allocator<void> > >; std::string = std::__cxx11::basic_string<char>; uint32_t = unsigned int; ros::VoidConstPtr = boost::shared_ptr<const void>][m[K’
[01m[K/home/marea/elfin_ws/src/edu-elfin_simulation/arm_controllers/src/Marea_GravityCompAndPDcontroller.cpp:216:120:[m[K   required from here
[01m[K/usr/include/boost/function/function_template.hpp:158:11:[m[K [01;31m[Kerror: [m[Kno match for call to ‘[01m[K(boost::function<void(const boost::shared_ptr<const boost::shared_ptr<const std_msgs::String_<std::allocator<void> > > >&)>) (boost::shared_ptr<const std_msgs::String_<std::allocator<void> > >)[m[K’
  158 |           [01;31m[KBOOST_FUNCTION_RETURN[m[K((*f)(BOOST_FUNCTION_ARGS));
      |           [01;31m[K^~~~~~~~~~~~~~~~~~~~~[m[K
In file included from [01m[K/usr/include/boost/function/detail/maybe_include.hpp:22[m[K,
                 from [01m[K/usr/include/boost/function/detail/function_iterate.hpp:14[m[K,
                 from [01m[K/usr/include/boost/preprocessor/iteration/detail/iter/forward1.hpp:53[m[K,
                 from [01m[K/usr/include/boost/function.hpp:71[m[K,
                 from [01m[K/opt/ros/noetic/include/ros/forwards.h:40[m[K,
                 from [01m[K/opt/ros/noetic/include/ros/node_handle.h:31[m[K,
                 from [01m[K/opt/ros/noetic/include/controller_interface/controller_base.h:35[m[K,
                 from [01m[K/opt/ros/noetic/include/controller_interface/controller.h:35[m[K,
                 from [01m[K/home/marea/elfin_ws/src/edu-elfin_simulation/arm_controllers/src/Marea_GravityCompAndPDcontroller.cpp:2[m[K:
[01m[K/usr/include/boost/function/function_template.hpp:758:17:[m[K [01;36m[Knote: [m[Kcandidate: ‘[01m[Kboost::function1<R, T1>::result_type boost::function1<R, T1>::operator()(T0) const [with R = void; T0 = const boost::shared_ptr<const boost::shared_ptr<const std_msgs::String_<std::allocator<void> > > >&; boost::function1<R, T1>::result_type = void][m[K’
  758 |     result_type [01;36m[Koperator[m[K()(BOOST_FUNCTION_PARMS) const
      |                 [01;36m[K^~~~~~~~[m[K
In file included from [01m[K/usr/include/boost/preprocessor/tuple/elem.hpp:18[m[K,
                 from [01m[K/usr/include/boost/preprocessor/array/data.hpp:16[m[K,
                 from [01m[K/usr/include/boost/preprocessor/array/elem.hpp:15[m[K,
                 from [01m[K/usr/include/boost/preprocessor/iteration/iterate.hpp:17[m[K,
                 from [01m[K/usr/include/boost/preprocessor/iterate.hpp:15[m[K,
                 from [01m[K/usr/include/boost/function.hpp:25[m[K,
                 from [01m[K/opt/ros/noetic/include/ros/forwards.h:40[m[K,
                 from [01m[K/opt/ros/noetic/include/ros/node_handle.h:31[m[K,
                 from [01m[K/opt/ros/noetic/include/controller_interface/controller_base.h:35[m[K,
                 from [01m[K/opt/ros/noetic/include/controller_interface/controller.h:35[m[K,
                 from [01m[K/home/marea/elfin_ws/src/edu-elfin_simulation/arm_controllers/src/Marea_GravityCompAndPDcontroller.cpp:2[m[K:
[01m[K/usr/include/boost/function/function_template.hpp:758:28:[m[K [01;36m[Knote: [m[K  no known conversion for argument 1 from ‘[01m[Kboost::shared_ptr<const std_msgs::String_<std::allocator<void> > >[m[K’ to ‘[01m[Kconst boost::shared_ptr<const boost::shared_ptr<const std_msgs::String_<std::allocator<void> > > >&[m[K’
  758 |     result_type operator()([01;36m[KB[m[KOOST_FUNCTION_PARMS) const
      |                            [01;36m[K^[m[K
In file included from [01m[K/usr/include/boost/function/detail/maybe_include.hpp:15[m[K,
                 from [01m[K/usr/include/boost/function/detail/function_iterate.hpp:14[m[K,
                 from [01m[K/usr/include/boost/preprocessor/iteration/detail/iter/forward1.hpp:48[m[K,
                 from [01m[K/usr/include/boost/function.hpp:71[m[K,
                 from [01m[K/opt/ros/noetic/include/ros/forwards.h:40[m[K,
                 from [01m[K/opt/ros/noetic/include/ros/node_handle.h:31[m[K,
                 from [01m[K/opt/ros/noetic/include/controller_interface/controller_base.h:35[m[K,
                 from [01m[K/opt/ros/noetic/include/controller_interface/controller.h:35[m[K,
                 from [01m[K/home/marea/elfin_ws/src/edu-elfin_simulation/arm_controllers/src/Marea_GravityCompAndPDcontroller.cpp:2[m[K:
/usr/include/boost/function/function_template.hpp: In instantiation of ‘[01m[Kstatic R boost::detail::function::function_obj_invoker0<FunctionObj, R>::invoke(boost::detail::function::function_buffer&) [with FunctionObj = boost::function<boost::shared_ptr<boost::shared_ptr<const std_msgs::String_<std::allocator<void> > > >()>; R = boost::shared_ptr<std_msgs::String_<std::allocator<void> > >][m[K’:
[01m[K/usr/include/boost/function/function_template.hpp:931:38:[m[K   required from ‘[01m[Kvoid boost::function0<R>::assign_to(Functor) [with Functor = boost::function<boost::shared_ptr<boost::shared_ptr<const std_msgs::String_<std::allocator<void> > > >()>; R = boost::shared_ptr<std_msgs::String_<std::allocator<void> > >][m[K’
[01m[K/usr/include/boost/function/function_template.hpp:720:7:[m[K   required from ‘[01m[Kboost::function0<R>::function0(Functor, typename boost::enable_if_<(! boost::is_integral<Functor>::value), int>::type) [with Functor = boost::function<boost::shared_ptr<boost::shared_ptr<const std_msgs::String_<std::allocator<void> > > >()>; R = boost::shared_ptr<std_msgs::String_<std::allocator<void> > >; typename boost::enable_if_<(! boost::is_integral<Functor>::value), int>::type = int][m[K’
[01m[K/usr/include/boost/function/function_template.hpp:1068:16:[m[K   required from ‘[01m[Kboost::function<R()>::function(Functor, typename boost::enable_if_<(! boost::is_integral<Functor>::value), int>::type) [with Functor = boost::function<boost::shared_ptr<boost::shared_ptr<const std_msgs::String_<std::allocator<void> > > >()>; R = boost::shared_ptr<std_msgs::String_<std::allocator<void> > >; typename boost::enable_if_<(! boost::is_integral<Functor>::value), int>::type = int][m[K’
[01m[K/usr/include/boost/smart_ptr/make_shared_object.hpp:256:5:[m[K   required from ‘[01m[Ktypename boost::detail::sp_if_not_array<T>::type boost::make_shared(Args&& ...) [with T = ros::SubscriptionCallbackHelperT<const boost::shared_ptr<const std_msgs::String_<std::allocator<void> > >&, void>; Args = {const boost::function<void(const boost::shared_ptr<const boost::shared_ptr<const std_msgs::String_<std::allocator<void> > > >&)>&, const boost::function<boost::shared_ptr<boost::shared_ptr<const std_msgs::String_<std::allocator<void> > > >()>&}; typename boost::detail::sp_if_not_array<T>::type = boost::shared_ptr<ros::SubscriptionCallbackHelperT<const boost::shared_ptr<const std_msgs::String_<std::allocator<void> > >&, void> >][m[K’
[01m[K/opt/ros/noetic/include/ros/subscribe_options.h:112:107:[m[K   required from ‘[01m[Kvoid ros::SubscribeOptions::init(const string&, uint32_t, const boost::function<void(const boost::shared_ptr<const M>&)>&, const boost::function<boost::shared_ptr<X>()>&) [with M = boost::shared_ptr<const std_msgs::String_<std::allocator<void> > >; std::string = std::__cxx11::basic_string<char>; uint32_t = unsigned int][m[K’
[01m[K/opt/ros/noetic/include/ros/node_handle.h:754:5:[m[K   required from ‘[01m[Kros::Subscriber ros::NodeHandle::subscribe(const string&, uint32_t, const boost::function<void(const boost::shared_ptr<const M>&)>&, const VoidConstPtr&, const ros::TransportHints&) [with M = boost::shared_ptr<const std_msgs::String_<std::allocator<void> > >; std::string = std::__cxx11::basic_string<char>; uint32_t = unsigned int; ros::VoidConstPtr = boost::shared_ptr<const void>][m[K’
[01m[K/home/marea/elfin_ws/src/edu-elfin_simulation/arm_controllers/src/Marea_GravityCompAndPDcontroller.cpp:216:120:[m[K   required from here
[01m[K/usr/include/boost/function/function_template.hpp:137:42:[m[K [01;31m[Kerror: [m[Kcould not convert ‘[01m[Kboost::function0<R>::operator()() const [with R = boost::shared_ptr<boost::shared_ptr<const std_msgs::String_<std::allocator<void> > > >; boost::function0<R>::result_type = boost::shared_ptr<boost::shared_ptr<const std_msgs::String_<std::allocator<void> > > >]()[m[K’ from ‘[01m[Kshared_ptr<[01;32m[Kboost::shared_ptr<const std_msgs::String_<std::allocator<void> > >[m[K>[m[K’ to ‘[01m[Kshared_ptr<[01;32m[Kstd_msgs::String_<std::allocator<void> >[m[K>[m[K’
  137 |           return (*f)(BOOST_FUNCTION_ARGS[01;31m[K)[m[K;
      |                                          [01;31m[K^[m[K
      |                                          [01;31m[K|[m[K
      |                                          [01;31m[Kshared_ptr<boost::shared_ptr<const std_msgs::String_<std::allocator<void> > >>[m[K
make[2]: *** [CMakeFiles/arm_controllers.dir/build.make:141: CMakeFiles/arm_controllers.dir/src/Marea_GravityCompAndPDcontroller.cpp.o] Error 1
make[1]: *** [CMakeFiles/Makefile2:385: CMakeFiles/arm_controllers.dir/all] Error 2
make: *** [Makefile:141: all] Error 2
