[01m[K/home/marea/elfin_ws/src/edu-elfin_simulation/arm_controllers/src/Marea_GravityCompAndPDcontroller.cpp:[m[K In member function ‘[01m[Kvoid arm_controllers::Marea_GravityCompAndPDcontroller::chatterCallback(const ConstPtr&)[m[K’:
[01m[K/home/marea/elfin_ws/src/edu-elfin_simulation/arm_controllers/src/Marea_GravityCompAndPDcontroller.cpp:225:47:[m[K [01;31m[Kerror: [m[Kno match for ‘[01m[Koperator=[m[K’ (operand types are ‘[01m[Kstd_msgs::String[m[K’ {aka ‘[01m[Kstd_msgs::String_<std::allocator<void> >[m[K’} and ‘[01m[Kconst char*[m[K’)
  225 |          test_messsage = test_msg->data.c_str([01;31m[K)[m[K;
      |                                               [01;31m[K^[m[K
In file included from [01m[K/home/marea/elfin_ws/src/edu-elfin_simulation/arm_controllers/src/Marea_GravityCompAndPDcontroller.cpp:5[m[K:
[01m[K/opt/ros/noetic/include/std_msgs/String.h:22:8:[m[K [01;36m[Knote: [m[Kcandidate: ‘[01m[Kstd_msgs::String_<std::allocator<void> >& std_msgs::String_<std::allocator<void> >::operator=(const std_msgs::String_<std::allocator<void> >&)[m[K’
   22 | struct [01;36m[KString_[m[K
      |        [01;36m[K^~~~~~~[m[K
[01m[K/opt/ros/noetic/include/std_msgs/String.h:22:8:[m[K [01;36m[Knote: [m[K  no known conversion for argument 1 from ‘[01m[Kconst char*[m[K’ to ‘[01m[Kconst std_msgs::String_<std::allocator<void> >&[m[K’
[01m[K/opt/ros/noetic/include/std_msgs/String.h:22:8:[m[K [01;36m[Knote: [m[Kcandidate: ‘[01m[Kstd_msgs::String_<std::allocator<void> >& std_msgs::String_<std::allocator<void> >::operator=(std_msgs::String_<std::allocator<void> >&&)[m[K’
[01m[K/opt/ros/noetic/include/std_msgs/String.h:22:8:[m[K [01;36m[Knote: [m[K  no known conversion for argument 1 from ‘[01m[Kconst char*[m[K’ to ‘[01m[Kstd_msgs::String_<std::allocator<void> >&&[m[K’
[01m[K/home/marea/elfin_ws/src/edu-elfin_simulation/arm_controllers/src/Marea_GravityCompAndPDcontroller.cpp:[m[K In member function ‘[01m[Kvirtual void arm_controllers::Marea_GravityCompAndPDcontroller::update(const ros::Time&, const ros::Duration&)[m[K’:
[01m[K/home/marea/elfin_ws/src/edu-elfin_simulation/arm_controllers/src/Marea_GravityCompAndPDcontroller.cpp:252:11:[m[K [01;35m[Kwarning: [m[Kformat ‘[01m[K%s[m[K’ expects argument of type ‘[01m[Kchar*[m[K’, but argument 2 has type ‘[01m[Kstd_msgs::String[m[K’ {aka ‘[01m[Kstd_msgs::String_<std::allocator<void> >[m[K’} [[01;35m[K-Wformat=[m[K]
  252 |  printf("[01;35m[K%s[m[K", test_messsage);
      |          [01;35m[K~^[m[K
      |           [01;35m[K|[m[K
      |           [01;35m[Kchar*[m[K
make[2]: *** [CMakeFiles/arm_controllers.dir/build.make:141: CMakeFiles/arm_controllers.dir/src/Marea_GravityCompAndPDcontroller.cpp.o] Error 1
make[1]: *** [CMakeFiles/Makefile2:385: CMakeFiles/arm_controllers.dir/all] Error 2
make: *** [Makefile:141: all] Error 2
