[01m[K/home/marea/elfin_ws/src/edu-elfin_simulation/arm_controllers/src/Marea_TrajectoryCommunication.cpp:[m[K In member function ‘[01m[Kvirtual bool arm_controllers::Marea_TrajectoryCommunication::init(hardware_interface::EffortJointInterface*, ros::NodeHandle&)[m[K’:
[01m[K/home/marea/elfin_ws/src/edu-elfin_simulation/arm_controllers/src/Marea_TrajectoryCommunication.cpp:218:114:[m[K [01;31m[Kerror: [m[Kno matching function for call to ‘[01m[Kros::NodeHandle::subscribe<std_msgs::String>(const char [21], int, void (arm_controllers::Marea_TrajectoryCommunication::*)(const ros::Time&, const ros::Duration&, const ConstPtr&), arm_controllers::Marea_TrajectoryCommunication*)[m[K’
  218 |    sub = n.subscribe<std_msgs::String>("trajectory_generated", 1000, &Marea_TrajectoryCommunication::update, this[01;31m[K)[m[K;
      |                                                                                                                  [01;31m[K^[m[K
In file included from [01m[K/opt/ros/noetic/include/controller_interface/controller_base.h:35[m[K,
                 from [01m[K/opt/ros/noetic/include/controller_interface/controller.h:35[m[K,
                 from [01m[K/home/marea/elfin_ws/src/edu-elfin_simulation/arm_controllers/src/Marea_TrajectoryCommunication.cpp:2[m[K:
[01m[K/opt/ros/noetic/include/ros/node_handle.h:402:14:[m[K [01;36m[Knote: [m[Kcandidate: ‘[01m[Ktemplate<class M, class T> ros::Subscriber ros::NodeHandle::subscribe(const string&, uint32_t, void (T::*)(M), T*, const ros::TransportHints&)[m[K’
  402 |   Subscriber [01;36m[Ksubscribe[m[K(const std::string& topic, uint32_t queue_size, void(T::*fp)(M), T* obj,
      |              [01;36m[K^~~~~~~~~[m[K
[01m[K/opt/ros/noetic/include/ros/node_handle.h:402:14:[m[K [01;36m[Knote: [m[K  template argument deduction/substitution failed:
[01m[K/home/marea/elfin_ws/src/edu-elfin_simulation/arm_controllers/src/Marea_TrajectoryCommunication.cpp:218:114:[m[K [01;36m[Knote: [m[K  mismatched types ‘[01m[Kstd_msgs::String_<std::allocator<void> >[m[K’ and ‘[01m[Kconst ros::Time&[m[K’
  218 |    sub = n.subscribe<std_msgs::String>("trajectory_generated", 1000, &Marea_TrajectoryCommunication::update, this[01;36m[K)[m[K;
      |                                                                                                                  [01;36m[K^[m[K
In file included from [01m[K/opt/ros/noetic/include/controller_interface/controller_base.h:35[m[K,
                 from [01m[K/opt/ros/noetic/include/controller_interface/controller.h:35[m[K,
                 from [01m[K/home/marea/elfin_ws/src/edu-elfin_simulation/arm_controllers/src/Marea_TrajectoryCommunication.cpp:2[m[K:
[01m[K/opt/ros/noetic/include/ros/node_handle.h:413:14:[m[K [01;36m[Knote: [m[Kcandidate: ‘[01m[Ktemplate<class M, class T> ros::Subscriber ros::NodeHandle::subscribe(const string&, uint32_t, void (T::*)(M) const, T*, const ros::TransportHints&)[m[K’
  413 |   Subscriber [01;36m[Ksubscribe[m[K(const std::string& topic, uint32_t queue_size, void(T::*fp)(M) const, T* obj,
      |              [01;36m[K^~~~~~~~~[m[K
[01m[K/opt/ros/noetic/include/ros/node_handle.h:413:14:[m[K [01;36m[Knote: [m[K  template argument deduction/substitution failed:
[01m[K/home/marea/elfin_ws/src/edu-elfin_simulation/arm_controllers/src/Marea_TrajectoryCommunication.cpp:218:114:[m[K [01;36m[Knote: [m[K  types ‘[01m[Kvoid (T::)(std_msgs::String_<std::allocator<void> >) const[m[K’ and ‘[01m[Kvoid (arm_controllers::Marea_TrajectoryCommunication::)(const ros::Time&, const ros::Duration&, const ConstPtr&)[m[K’ {aka ‘[01m[Kvoid (arm_controllers::Marea_TrajectoryCommunication::)(const ros::Time&, const ros::Duration&, const boost::shared_ptr<const std_msgs::String_<std::allocator<void> > >&)[m[K’} have incompatible cv-qualifiers
  218 |    sub = n.subscribe<std_msgs::String>("trajectory_generated", 1000, &Marea_TrajectoryCommunication::update, this[01;36m[K)[m[K;
      |                                                                                                                  [01;36m[K^[m[K
In file included from [01m[K/opt/ros/noetic/include/controller_interface/controller_base.h:35[m[K,
                 from [01m[K/opt/ros/noetic/include/controller_interface/controller.h:35[m[K,
                 from [01m[K/home/marea/elfin_ws/src/edu-elfin_simulation/arm_controllers/src/Marea_TrajectoryCommunication.cpp:2[m[K:
[01m[K/opt/ros/noetic/include/ros/node_handle.h:465:14:[m[K [01;36m[Knote: [m[Kcandidate: ‘[01m[Ktemplate<class M, class T> ros::Subscriber ros::NodeHandle::subscribe(const string&, uint32_t, void (T::*)(const boost::shared_ptr<const M>&), T*, const ros::TransportHints&)[m[K’
  465 |   Subscriber [01;36m[Ksubscribe[m[K(const std::string& topic, uint32_t queue_size,
      |              [01;36m[K^~~~~~~~~[m[K
[01m[K/opt/ros/noetic/include/ros/node_handle.h:465:14:[m[K [01;36m[Knote: [m[K  template argument deduction/substitution failed:
[01m[K/home/marea/elfin_ws/src/edu-elfin_simulation/arm_controllers/src/Marea_TrajectoryCommunication.cpp:218:114:[m[K [01;36m[Knote: [m[K  mismatched types ‘[01m[Kconst boost::shared_ptr<const std_msgs::String_<std::allocator<void> > >[m[K’ and ‘[01m[Kconst ros::Time[m[K’
  218 |    sub = n.subscribe<std_msgs::String>("trajectory_generated", 1000, &Marea_TrajectoryCommunication::update, this[01;36m[K)[m[K;
      |                                                                                                                  [01;36m[K^[m[K
In file included from [01m[K/opt/ros/noetic/include/controller_interface/controller_base.h:35[m[K,
                 from [01m[K/opt/ros/noetic/include/controller_interface/controller.h:35[m[K,
                 from [01m[K/home/marea/elfin_ws/src/edu-elfin_simulation/arm_controllers/src/Marea_TrajectoryCommunication.cpp:2[m[K:
[01m[K/opt/ros/noetic/include/ros/node_handle.h:475:14:[m[K [01;36m[Knote: [m[Kcandidate: ‘[01m[Ktemplate<class M, class T> ros::Subscriber ros::NodeHandle::subscribe(const string&, uint32_t, void (T::*)(const boost::shared_ptr<const M>&) const, T*, const ros::TransportHints&)[m[K’
  475 |   Subscriber [01;36m[Ksubscribe[m[K(const std::string& topic, uint32_t queue_size,
      |              [01;36m[K^~~~~~~~~[m[K
[01m[K/opt/ros/noetic/include/ros/node_handle.h:475:14:[m[K [01;36m[Knote: [m[K  template argument deduction/substitution failed:
[01m[K/home/marea/elfin_ws/src/edu-elfin_simulation/arm_controllers/src/Marea_TrajectoryCommunication.cpp:218:114:[m[K [01;36m[Knote: [m[K  types ‘[01m[Kvoid (T::)(const boost::shared_ptr<const std_msgs::String_<std::allocator<void> > >&) const[m[K’ and ‘[01m[Kvoid (arm_controllers::Marea_TrajectoryCommunication::)(const ros::Time&, const ros::Duration&, const ConstPtr&)[m[K’ {aka ‘[01m[Kvoid (arm_controllers::Marea_TrajectoryCommunication::)(const ros::Time&, const ros::Duration&, const boost::shared_ptr<const std_msgs::String_<std::allocator<void> > >&)[m[K’} have incompatible cv-qualifiers
  218 |    sub = n.subscribe<std_msgs::String>("trajectory_generated", 1000, &Marea_TrajectoryCommunication::update, this[01;36m[K)[m[K;
      |                                                                                                                  [01;36m[K^[m[K
In file included from [01m[K/opt/ros/noetic/include/controller_interface/controller_base.h:35[m[K,
                 from [01m[K/opt/ros/noetic/include/controller_interface/controller.h:35[m[K,
                 from [01m[K/home/marea/elfin_ws/src/edu-elfin_simulation/arm_controllers/src/Marea_TrajectoryCommunication.cpp:2[m[K:
[01m[K/opt/ros/noetic/include/ros/node_handle.h:529:14:[m[K [01;36m[Knote: [m[Kcandidate: ‘[01m[Ktemplate<class M, class T> ros::Subscriber ros::NodeHandle::subscribe(const string&, uint32_t, void (T::*)(M), const boost::shared_ptr<U>&, const ros::TransportHints&)[m[K’
  529 |   Subscriber [01;36m[Ksubscribe[m[K(const std::string& topic, uint32_t queue_size, void(T::*fp)(M),
      |              [01;36m[K^~~~~~~~~[m[K
[01m[K/opt/ros/noetic/include/ros/node_handle.h:529:14:[m[K [01;36m[Knote: [m[K  template argument deduction/substitution failed:
[01m[K/home/marea/elfin_ws/src/edu-elfin_simulation/arm_controllers/src/Marea_TrajectoryCommunication.cpp:218:114:[m[K [01;36m[Knote: [m[K  mismatched types ‘[01m[Kstd_msgs::String_<std::allocator<void> >[m[K’ and ‘[01m[Kconst ros::Time&[m[K’
  218 |    sub = n.subscribe<std_msgs::String>("trajectory_generated", 1000, &Marea_TrajectoryCommunication::update, this[01;36m[K)[m[K;
      |                                                                                                                  [01;36m[K^[m[K
In file included from [01m[K/opt/ros/noetic/include/controller_interface/controller_base.h:35[m[K,
                 from [01m[K/opt/ros/noetic/include/controller_interface/controller.h:35[m[K,
                 from [01m[K/home/marea/elfin_ws/src/edu-elfin_simulation/arm_controllers/src/Marea_TrajectoryCommunication.cpp:2[m[K:
[01m[K/opt/ros/noetic/include/ros/node_handle.h:540:14:[m[K [01;36m[Knote: [m[Kcandidate: ‘[01m[Ktemplate<class M, class T> ros::Subscriber ros::NodeHandle::subscribe(const string&, uint32_t, void (T::*)(M) const, const boost::shared_ptr<U>&, const ros::TransportHints&)[m[K’
  540 |   Subscriber [01;36m[Ksubscribe[m[K(const std::string& topic, uint32_t queue_size, void(T::*fp)(M) const,
      |              [01;36m[K^~~~~~~~~[m[K
[01m[K/opt/ros/noetic/include/ros/node_handle.h:540:14:[m[K [01;36m[Knote: [m[K  template argument deduction/substitution failed:
[01m[K/home/marea/elfin_ws/src/edu-elfin_simulation/arm_controllers/src/Marea_TrajectoryCommunication.cpp:218:114:[m[K [01;36m[Knote: [m[K  types ‘[01m[Kvoid (T::)(std_msgs::String_<std::allocator<void> >) const[m[K’ and ‘[01m[Kvoid (arm_controllers::Marea_TrajectoryCommunication::)(const ros::Time&, const ros::Duration&, const ConstPtr&)[m[K’ {aka ‘[01m[Kvoid (arm_controllers::Marea_TrajectoryCommunication::)(const ros::Time&, const ros::Duration&, const boost::shared_ptr<const std_msgs::String_<std::allocator<void> > >&)[m[K’} have incompatible cv-qualifiers
  218 |    sub = n.subscribe<std_msgs::String>("trajectory_generated", 1000, &Marea_TrajectoryCommunication::update, this[01;36m[K)[m[K;
      |                                                                                                                  [01;36m[K^[m[K
In file included from [01m[K/opt/ros/noetic/include/controller_interface/controller_base.h:35[m[K,
                 from [01m[K/opt/ros/noetic/include/controller_interface/controller.h:35[m[K,
                 from [01m[K/home/marea/elfin_ws/src/edu-elfin_simulation/arm_controllers/src/Marea_TrajectoryCommunication.cpp:2[m[K:
[01m[K/opt/ros/noetic/include/ros/node_handle.h:594:14:[m[K [01;36m[Knote: [m[Kcandidate: ‘[01m[Ktemplate<class M, class T> ros::Subscriber ros::NodeHandle::subscribe(const string&, uint32_t, void (T::*)(const boost::shared_ptr<const M>&), const boost::shared_ptr<U>&, const ros::TransportHints&)[m[K’
  594 |   Subscriber [01;36m[Ksubscribe[m[K(const std::string& topic, uint32_t queue_size,
      |              [01;36m[K^~~~~~~~~[m[K
[01m[K/opt/ros/noetic/include/ros/node_handle.h:594:14:[m[K [01;36m[Knote: [m[K  template argument deduction/substitution failed:
[01m[K/home/marea/elfin_ws/src/edu-elfin_simulation/arm_controllers/src/Marea_TrajectoryCommunication.cpp:218:114:[m[K [01;36m[Knote: [m[K  mismatched types ‘[01m[Kconst boost::shared_ptr<const std_msgs::String_<std::allocator<void> > >[m[K’ and ‘[01m[Kconst ros::Time[m[K’
  218 |    sub = n.subscribe<std_msgs::String>("trajectory_generated", 1000, &Marea_TrajectoryCommunication::update, this[01;36m[K)[m[K;
      |                                                                                                                  [01;36m[K^[m[K
In file included from [01m[K/opt/ros/noetic/include/controller_interface/controller_base.h:35[m[K,
                 from [01m[K/opt/ros/noetic/include/controller_interface/controller.h:35[m[K,
                 from [01m[K/home/marea/elfin_ws/src/edu-elfin_simulation/arm_controllers/src/Marea_TrajectoryCommunication.cpp:2[m[K:
[01m[K/opt/ros/noetic/include/ros/node_handle.h:605:14:[m[K [01;36m[Knote: [m[Kcandidate: ‘[01m[Ktemplate<class M, class T> ros::Subscriber ros::NodeHandle::subscribe(const string&, uint32_t, void (T::*)(const boost::shared_ptr<const M>&) const, const boost::shared_ptr<U>&, const ros::TransportHints&)[m[K’
  605 |   Subscriber [01;36m[Ksubscribe[m[K(const std::string& topic, uint32_t queue_size,
      |              [01;36m[K^~~~~~~~~[m[K
[01m[K/opt/ros/noetic/include/ros/node_handle.h:605:14:[m[K [01;36m[Knote: [m[K  template argument deduction/substitution failed:
[01m[K/home/marea/elfin_ws/src/edu-elfin_simulation/arm_controllers/src/Marea_TrajectoryCommunication.cpp:218:114:[m[K [01;36m[Knote: [m[K  types ‘[01m[Kvoid (T::)(const boost::shared_ptr<const std_msgs::String_<std::allocator<void> > >&) const[m[K’ and ‘[01m[Kvoid (arm_controllers::Marea_TrajectoryCommunication::)(const ros::Time&, const ros::Duration&, const ConstPtr&)[m[K’ {aka ‘[01m[Kvoid (arm_controllers::Marea_TrajectoryCommunication::)(const ros::Time&, const ros::Duration&, const boost::shared_ptr<const std_msgs::String_<std::allocator<void> > >&)[m[K’} have incompatible cv-qualifiers
  218 |    sub = n.subscribe<std_msgs::String>("trajectory_generated", 1000, &Marea_TrajectoryCommunication::update, this[01;36m[K)[m[K;
      |                                                                                                                  [01;36m[K^[m[K
In file included from [01m[K/opt/ros/noetic/include/controller_interface/controller_base.h:35[m[K,
                 from [01m[K/opt/ros/noetic/include/controller_interface/controller.h:35[m[K,
                 from [01m[K/home/marea/elfin_ws/src/edu-elfin_simulation/arm_controllers/src/Marea_TrajectoryCommunication.cpp:2[m[K:
[01m[K/opt/ros/noetic/include/ros/node_handle.h:656:14:[m[K [01;36m[Knote: [m[Kcandidate: ‘[01m[Kros::Subscriber ros::NodeHandle::subscribe(const string&, uint32_t, void (*)(M), const ros::TransportHints&) [with M = std_msgs::String_<std::allocator<void> >; std::string = std::__cxx11::basic_string<char>; uint32_t = unsigned int][m[K’
  656 |   Subscriber [01;36m[Ksubscribe[m[K(const std::string& topic, uint32_t queue_size, void(*fp)(M), const TransportHints& transport_hints = TransportHints())
      |              [01;36m[K^~~~~~~~~[m[K
[01m[K/opt/ros/noetic/include/ros/node_handle.h:656:77:[m[K [01;36m[Knote: [m[K  no known conversion for argument 3 from ‘[01m[Kvoid (arm_controllers::Marea_TrajectoryCommunication::*)(const ros::Time&, const ros::Duration&, const ConstPtr&)[m[K’ {aka ‘[01m[Kvoid (arm_controllers::Marea_TrajectoryCommunication::*)(const ros::Time&, const ros::Duration&, const boost::shared_ptr<const std_msgs::String_<std::allocator<void> > >&)[m[K’} to ‘[01m[Kvoid (*)(std_msgs::String_<std::allocator<void> >)[m[K’
  656 |   Subscriber subscribe(const std::string& topic, uint32_t queue_size, [01;36m[Kvoid(*fp)(M)[m[K, const TransportHints& transport_hints = TransportHints())
      |                                                                       [01;36m[K~~~~~~^~~~~~[m[K
[01m[K/opt/ros/noetic/include/ros/node_handle.h:704:14:[m[K [01;36m[Knote: [m[Kcandidate: ‘[01m[Kros::Subscriber ros::NodeHandle::subscribe(const string&, uint32_t, void (*)(const boost::shared_ptr<const M>&), const ros::TransportHints&) [with M = std_msgs::String_<std::allocator<void> >; std::string = std::__cxx11::basic_string<char>; uint32_t = unsigned int][m[K’
  704 |   Subscriber [01;36m[Ksubscribe[m[K(const std::string& topic, uint32_t queue_size, void(*fp)(const boost::shared_ptr<M const>&), const TransportHints& transport_hints = TransportHints())
      |              [01;36m[K^~~~~~~~~[m[K
[01m[K/opt/ros/noetic/include/ros/node_handle.h:704:77:[m[K [01;36m[Knote: [m[K  no known conversion for argument 3 from ‘[01m[Kvoid (arm_controllers::Marea_TrajectoryCommunication::*)(const ros::Time&, const ros::Duration&, const ConstPtr&)[m[K’ {aka ‘[01m[Kvoid (arm_controllers::Marea_TrajectoryCommunication::*)(const ros::Time&, const ros::Duration&, const boost::shared_ptr<const std_msgs::String_<std::allocator<void> > >&)[m[K’} to ‘[01m[Kvoid (*)(const boost::shared_ptr<const std_msgs::String_<std::allocator<void> > >&)[m[K’
  704 |   Subscriber subscribe(const std::string& topic, uint32_t queue_size, [01;36m[Kvoid(*fp)(const boost::shared_ptr<M const>&)[m[K, const TransportHints& transport_hints = TransportHints())
      |                                                                       [01;36m[K~~~~~~^~~~~~~~~~~~~~~~~~~~~~~~~~~~~~~~~~~~~~[m[K
[01m[K/opt/ros/noetic/include/ros/node_handle.h:750:14:[m[K [01;36m[Knote: [m[Kcandidate: ‘[01m[Kros::Subscriber ros::NodeHandle::subscribe(const string&, uint32_t, const boost::function<void(const boost::shared_ptr<const M>&)>&, const VoidConstPtr&, const ros::TransportHints&) [with M = std_msgs::String_<std::allocator<void> >; std::string = std::__cxx11::basic_string<char>; uint32_t = unsigned int; ros::VoidConstPtr = boost::shared_ptr<const void>][m[K’
  750 |   Subscriber [01;36m[Ksubscribe[m[K(const std::string& topic, uint32_t queue_size, const boost::function<void (const boost::shared_ptr<M const>&)>& callback,
      |              [01;36m[K^~~~~~~~~[m[K
[01m[K/opt/ros/noetic/include/ros/node_handle.h:751:50:[m[K [01;36m[Knote: [m[K  no known conversion for argument 4 from ‘[01m[Karm_controllers::Marea_TrajectoryCommunication*[m[K’ to ‘[01m[Kconst VoidConstPtr&[m[K’ {aka ‘[01m[Kconst boost::shared_ptr<const void>&[m[K’}
  751 |                              [01;36m[Kconst VoidConstPtr& tracked_object = VoidConstPtr()[m[K, const TransportHints& transport_hints = TransportHints())
      |                              [01;36m[K~~~~~~~~~~~~~~~~~~~~^~~~~~~~~~~~~~~~~~~~~~~~~~~~~~~[m[K
[01m[K/opt/ros/noetic/include/ros/node_handle.h:799:14:[m[K [01;36m[Knote: [m[Kcandidate: ‘[01m[Ktemplate<class M, class C> ros::Subscriber ros::NodeHandle::subscribe(const string&, uint32_t, const boost::function<void(C)>&, const VoidConstPtr&, const ros::TransportHints&)[m[K’
  799 |   Subscriber [01;36m[Ksubscribe[m[K(const std::string& topic, uint32_t queue_size, const boost::function<void (C)>& callback,
      |              [01;36m[K^~~~~~~~~[m[K
[01m[K/opt/ros/noetic/include/ros/node_handle.h:799:14:[m[K [01;36m[Knote: [m[K  template argument deduction/substitution failed:
[01m[K/home/marea/elfin_ws/src/edu-elfin_simulation/arm_controllers/src/Marea_TrajectoryCommunication.cpp:218:114:[m[K [01;36m[Knote: [m[K  mismatched types ‘[01m[Kconst boost::function<void(C)>[m[K’ and ‘[01m[Kvoid (arm_controllers::Marea_TrajectoryCommunication::*)(const ros::Time&, const ros::Duration&, const ConstPtr&)[m[K’ {aka ‘[01m[Kvoid (arm_controllers::Marea_TrajectoryCommunication::*)(const ros::Time&, const ros::Duration&, const boost::shared_ptr<const std_msgs::String_<std::allocator<void> > >&)[m[K’}
  218 |    sub = n.subscribe<std_msgs::String>("trajectory_generated", 1000, &Marea_TrajectoryCommunication::update, this[01;36m[K)[m[K;
      |                                                                                                                  [01;36m[K^[m[K
[01m[K/home/marea/elfin_ws/src/edu-elfin_simulation/arm_controllers/src/Marea_TrajectoryCommunication.cpp:[m[K In member function ‘[01m[Kvoid arm_controllers::Marea_TrajectoryCommunication::chatterCallback(const ConstPtr&)[m[K’:
[01m[K/home/marea/elfin_ws/src/edu-elfin_simulation/arm_controllers/src/Marea_TrajectoryCommunication.cpp:227:2:[m[K [01;31m[Kerror: [m[K‘[01m[Kcommands_buffer_[m[K’ was not declared in this scope
  227 |  [01;31m[Kcommands_buffer_[m[K.writeFromNonRT(msg->data);
      |  [01;31m[K^~~~~~~~~~~~~~~~[m[K
[01m[K/home/marea/elfin_ws/src/edu-elfin_simulation/arm_controllers/src/Marea_TrajectoryCommunication.cpp:228:34:[m[K [01;31m[Kerror: [m[Kexpected ‘[01m[K;[m[K’ before ‘[01m[K}[m[K’ token
  228 |  printf("is anything happening?")
      |                                  [01;31m[K^[m[K
      |                                  [32m[K;[m[K
  229 |     [32m[K}[m[K
      |     [32m[K~[m[K                             
In file included from [01m[K/opt/ros/noetic/include/class_loader/class_loader_core.hpp:45[m[K,
                 from [01m[K/opt/ros/noetic/include/class_loader/class_loader.hpp:46[m[K,
                 from [01m[K/opt/ros/noetic/include/pluginlib/./class_list_macros.hpp:40[m[K,
                 from [01m[K/opt/ros/noetic/include/pluginlib/class_list_macros.h:35[m[K,
                 from [01m[K/home/marea/elfin_ws/src/edu-elfin_simulation/arm_controllers/src/Marea_TrajectoryCommunication.cpp:4[m[K:
/opt/ros/noetic/include/class_loader/meta_object.hpp: In instantiation of ‘[01m[KB* class_loader::impl::MetaObject<C, B>::create() const [with C = arm_controllers::Marea_TrajectoryCommunication; B = controller_interface::ControllerBase][m[K’:
[01m[K/opt/ros/noetic/include/class_loader/meta_object.hpp:196:7:[m[K   required from here
[01m[K/opt/ros/noetic/include/class_loader/meta_object.hpp:198:12:[m[K [01;31m[Kerror: [m[Kinvalid new-expression of abstract class type ‘[01m[Karm_controllers::Marea_TrajectoryCommunication[m[K’
  198 |     return [01;31m[Knew C[m[K;
      |            [01;31m[K^~~~~[m[K
[01m[K/home/marea/elfin_ws/src/edu-elfin_simulation/arm_controllers/src/Marea_TrajectoryCommunication.cpp:28:7:[m[K [01;36m[Knote: [m[K  because the following virtual functions are pure within ‘[01m[Karm_controllers::Marea_TrajectoryCommunication[m[K’:
   28 | class [01;36m[KMarea_TrajectoryCommunication[m[K : public controller_interface::Controller<hardware_interface::EffortJointInterface>
      |       [01;36m[K^~~~~~~~~~~~~~~~~~~~~~~~~~~~~[m[K
In file included from [01m[K/opt/ros/noetic/include/controller_interface/controller.h:35[m[K,
                 from [01m[K/home/marea/elfin_ws/src/edu-elfin_simulation/arm_controllers/src/Marea_TrajectoryCommunication.cpp:2[m[K:
[01m[K/opt/ros/noetic/include/controller_interface/controller_base.h:73:16:[m[K [01;36m[Knote: [m[K	‘[01m[Kvirtual void controller_interface::ControllerBase::update(const ros::Time&, const ros::Duration&)[m[K’
   73 |   virtual void [01;36m[Kupdate[m[K(const ros::Time& time, const ros::Duration& period) = 0;
      |                [01;36m[K^~~~~~[m[K
make[2]: *** [CMakeFiles/arm_controllers.dir/build.make:154: CMakeFiles/arm_controllers.dir/src/Marea_TrajectoryCommunication.cpp.o] Error 1
make[1]: *** [CMakeFiles/Makefile2:414: CMakeFiles/arm_controllers.dir/all] Error 2
make: *** [Makefile:141: all] Error 2
