[01m[K/home/marea/elfin_ws/src/edu-elfin_simulation/arm_controllers/src/Marea_TrajectoryCommunication.cpp:[m[K In member function ‘[01m[Kvirtual bool arm_controllers::Marea_TrajectoryCommunication::init(hardware_interface::EffortJointInterface*, ros::NodeHandle&)[m[K’:
[01m[K/home/marea/elfin_ws/src/edu-elfin_simulation/arm_controllers/src/Marea_TrajectoryCommunication.cpp:217:40:[m[K [01;31m[Kerror: [m[Kno matching function for call to ‘[01m[Kinit(const char [20])[m[K’
  217 |         ros::init("trajectory_receiver"[01;31m[K)[m[K;
      |                                        [01;31m[K^[m[K
In file included from [01m[K/opt/ros/noetic/include/ros/node_handle.h:47[m[K,
                 from [01m[K/opt/ros/noetic/include/controller_interface/controller_base.h:35[m[K,
                 from [01m[K/opt/ros/noetic/include/controller_interface/controller.h:35[m[K,
                 from [01m[K/home/marea/elfin_ws/src/edu-elfin_simulation/arm_controllers/src/Marea_TrajectoryCommunication.cpp:2[m[K:
[01m[K/opt/ros/noetic/include/ros/init.h:83:18:[m[K [01;36m[Knote: [m[Kcandidate: ‘[01m[Kvoid ros::init(int&, char**, const string&, uint32_t)[m[K’
   83 | ROSCPP_DECL void [01;36m[Kinit[m[K(int &argc, char **argv, const std::string& name, uint32_t options = 0);
      |                  [01;36m[K^~~~[m[K
[01m[K/opt/ros/noetic/include/ros/init.h:83:18:[m[K [01;36m[Knote: [m[K  candidate expects 4 arguments, 1 provided
In file included from [01m[K/opt/ros/noetic/include/ros/node_handle.h:47[m[K,
                 from [01m[K/opt/ros/noetic/include/controller_interface/controller_base.h:35[m[K,
                 from [01m[K/opt/ros/noetic/include/controller_interface/controller.h:35[m[K,
                 from [01m[K/home/marea/elfin_ws/src/edu-elfin_simulation/arm_controllers/src/Marea_TrajectoryCommunication.cpp:2[m[K:
[01m[K/opt/ros/noetic/include/ros/init.h:93:18:[m[K [01;36m[Knote: [m[Kcandidate: ‘[01m[Kvoid ros::init(const M_string&, const string&, uint32_t)[m[K’
   93 | ROSCPP_DECL void [01;36m[Kinit[m[K(const M_string& remappings, const std::string& name, uint32_t options = 0);
      |                  [01;36m[K^~~~[m[K
[01m[K/opt/ros/noetic/include/ros/init.h:93:18:[m[K [01;36m[Knote: [m[K  candidate expects 3 arguments, 1 provided
[01m[K/opt/ros/noetic/include/ros/init.h:103:18:[m[K [01;36m[Knote: [m[Kcandidate: ‘[01m[Kvoid ros::init(const VP_string&, const string&, uint32_t)[m[K’
  103 | ROSCPP_DECL void [01;36m[Kinit[m[K(const VP_string& remapping_args, const std::string& name, uint32_t options = 0);
      |                  [01;36m[K^~~~[m[K
[01m[K/opt/ros/noetic/include/ros/init.h:103:18:[m[K [01;36m[Knote: [m[K  candidate expects 3 arguments, 1 provided
make[2]: *** [CMakeFiles/arm_controllers.dir/build.make:154: CMakeFiles/arm_controllers.dir/src/Marea_TrajectoryCommunication.cpp.o] Error 1
make[1]: *** [CMakeFiles/Makefile2:414: CMakeFiles/arm_controllers.dir/all] Error 2
make: *** [Makefile:141: all] Error 2
