Symlinking /home/marea/elfin_ws/devel/include/trajcetorie_generators/Num.h
Symlinking /home/marea/elfin_ws/devel/include/trajcetorie_generators/AddTwoInts.h
Symlinking /home/marea/elfin_ws/devel/include/trajcetorie_generators/AddTwoIntsResponse.h
Symlinking /home/marea/elfin_ws/devel/include/trajcetorie_generators/AddTwoIntsRequest.h
Symlinking /home/marea/elfin_ws/devel/share/roseus/ros/trajcetorie_generators/manifest.l
Symlinking /home/marea/elfin_ws/devel/share/roseus/ros/trajcetorie_generators/msg/Num.l
Symlinking /home/marea/elfin_ws/devel/share/roseus/ros/trajcetorie_generators/srv/AddTwoInts.l
Symlinking /home/marea/elfin_ws/devel/share/trajcetorie_generators/cmake/trajcetorie_generators-msg-paths.cmake
Symlinking /home/marea/elfin_ws/devel/share/trajcetorie_generators/cmake/trajcetorie_generatorsConfig.cmake
Symlinking /home/marea/elfin_ws/devel/share/trajcetorie_generators/cmake/trajcetorie_generators-msg-extras.cmake
Symlinking /home/marea/elfin_ws/devel/share/trajcetorie_generators/cmake/trajcetorie_generatorsConfig-version.cmake
Symlinking /home/marea/elfin_ws/devel/share/gennodejs/ros/trajcetorie_generators/_index.js
Symlinking /home/marea/elfin_ws/devel/share/gennodejs/ros/trajcetorie_generators/msg/Num.js
Symlinking /home/marea/elfin_ws/devel/share/gennodejs/ros/trajcetorie_generators/msg/_index.js
Symlinking /home/marea/elfin_ws/devel/share/gennodejs/ros/trajcetorie_generators/srv/_index.js
Symlinking /home/marea/elfin_ws/devel/share/gennodejs/ros/trajcetorie_generators/srv/AddTwoInts.js
Symlinking /home/marea/elfin_ws/devel/share/common-lisp/ros/trajcetorie_generators/msg/trajcetorie_generators-msg.asd
Symlinking /home/marea/elfin_ws/devel/share/common-lisp/ros/trajcetorie_generators/msg/Num.lisp
Symlinking /home/marea/elfin_ws/devel/share/common-lisp/ros/trajcetorie_generators/msg/_package_Num.lisp
Symlinking /home/marea/elfin_ws/devel/share/common-lisp/ros/trajcetorie_generators/msg/_package.lisp
Symlinking /home/marea/elfin_ws/devel/share/common-lisp/ros/trajcetorie_generators/srv/AddTwoInts.lisp
Symlinking /home/marea/elfin_ws/devel/share/common-lisp/ros/trajcetorie_generators/srv/_package_AddTwoInts.lisp
Symlinking /home/marea/elfin_ws/devel/share/common-lisp/ros/trajcetorie_generators/srv/_package.lisp
Symlinking /home/marea/elfin_ws/devel/share/common-lisp/ros/trajcetorie_generators/srv/trajcetorie_generators-srv.asd
Symlinking /home/marea/elfin_ws/devel/lib/trajcetorie_generators/trajectorie_sender
Symlinking /home/marea/elfin_ws/devel/lib/trajcetorie_generators/trajectorie_receiver
Symlinking /home/marea/elfin_ws/devel/lib/python3/dist-packages/trajcetorie_generators/__init__.py
Symlinking /home/marea/elfin_ws/devel/lib/python3/dist-packages/trajcetorie_generators/msg/_Num.py
Symlinking /home/marea/elfin_ws/devel/lib/python3/dist-packages/trajcetorie_generators/msg/__init__.py
Symlinking /home/marea/elfin_ws/devel/lib/python3/dist-packages/trajcetorie_generators/srv/_AddTwoInts.py
Symlinking /home/marea/elfin_ws/devel/lib/python3/dist-packages/trajcetorie_generators/srv/__init__.py
Symlinking /home/marea/elfin_ws/devel/lib/pkgconfig/trajcetorie_generators.pc
