Linked: (/home/marea/elfin_ws/devel/.private/trajcetorie_generators/include/trajcetorie_generators/Num.h, /home/marea/elfin_ws/devel/include/trajcetorie_generators/Num.h)
Linked: (/home/marea/elfin_ws/devel/.private/trajcetorie_generators/include/trajcetorie_generators/AddTwoInts.h, /home/marea/elfin_ws/devel/include/trajcetorie_generators/AddTwoInts.h)
Linked: (/home/marea/elfin_ws/devel/.private/trajcetorie_generators/include/trajcetorie_generators/AddTwoIntsResponse.h, /home/marea/elfin_ws/devel/include/trajcetorie_generators/AddTwoIntsResponse.h)
Linked: (/home/marea/elfin_ws/devel/.private/trajcetorie_generators/include/trajcetorie_generators/AddTwoIntsRequest.h, /home/marea/elfin_ws/devel/include/trajcetorie_generators/AddTwoIntsRequest.h)
Linked: (/home/marea/elfin_ws/devel/.private/trajcetorie_generators/share/roseus/ros/trajcetorie_generators/manifest.l, /home/marea/elfin_ws/devel/share/roseus/ros/trajcetorie_generators/manifest.l)
Linked: (/home/marea/elfin_ws/devel/.private/trajcetorie_generators/share/roseus/ros/trajcetorie_generators/msg/Num.l, /home/marea/elfin_ws/devel/share/roseus/ros/trajcetorie_generators/msg/Num.l)
Linked: (/home/marea/elfin_ws/devel/.private/trajcetorie_generators/share/roseus/ros/trajcetorie_generators/srv/AddTwoInts.l, /home/marea/elfin_ws/devel/share/roseus/ros/trajcetorie_generators/srv/AddTwoInts.l)
Linked: (/home/marea/elfin_ws/devel/.private/trajcetorie_generators/share/trajcetorie_generators/cmake/trajcetorie_generators-msg-paths.cmake, /home/marea/elfin_ws/devel/share/trajcetorie_generators/cmake/trajcetorie_generators-msg-paths.cmake)
Linked: (/home/marea/elfin_ws/devel/.private/trajcetorie_generators/share/trajcetorie_generators/cmake/trajcetorie_generatorsConfig.cmake, /home/marea/elfin_ws/devel/share/trajcetorie_generators/cmake/trajcetorie_generatorsConfig.cmake)
Linked: (/home/marea/elfin_ws/devel/.private/trajcetorie_generators/share/trajcetorie_generators/cmake/trajcetorie_generators-msg-extras.cmake, /home/marea/elfin_ws/devel/share/trajcetorie_generators/cmake/trajcetorie_generators-msg-extras.cmake)
Linked: (/home/marea/elfin_ws/devel/.private/trajcetorie_generators/share/trajcetorie_generators/cmake/trajcetorie_generatorsConfig-version.cmake, /home/marea/elfin_ws/devel/share/trajcetorie_generators/cmake/trajcetorie_generatorsConfig-version.cmake)
Linked: (/home/marea/elfin_ws/devel/.private/trajcetorie_generators/share/gennodejs/ros/trajcetorie_generators/_index.js, /home/marea/elfin_ws/devel/share/gennodejs/ros/trajcetorie_generators/_index.js)
Linked: (/home/marea/elfin_ws/devel/.private/trajcetorie_generators/share/gennodejs/ros/trajcetorie_generators/msg/Num.js, /home/marea/elfin_ws/devel/share/gennodejs/ros/trajcetorie_generators/msg/Num.js)
Linked: (/home/marea/elfin_ws/devel/.private/trajcetorie_generators/share/gennodejs/ros/trajcetorie_generators/msg/_index.js, /home/marea/elfin_ws/devel/share/gennodejs/ros/trajcetorie_generators/msg/_index.js)
Linked: (/home/marea/elfin_ws/devel/.private/trajcetorie_generators/share/gennodejs/ros/trajcetorie_generators/srv/_index.js, /home/marea/elfin_ws/devel/share/gennodejs/ros/trajcetorie_generators/srv/_index.js)
Linked: (/home/marea/elfin_ws/devel/.private/trajcetorie_generators/share/gennodejs/ros/trajcetorie_generators/srv/AddTwoInts.js, /home/marea/elfin_ws/devel/share/gennodejs/ros/trajcetorie_generators/srv/AddTwoInts.js)
Linked: (/home/marea/elfin_ws/devel/.private/trajcetorie_generators/share/common-lisp/ros/trajcetorie_generators/msg/trajcetorie_generators-msg.asd, /home/marea/elfin_ws/devel/share/common-lisp/ros/trajcetorie_generators/msg/trajcetorie_generators-msg.asd)
Linked: (/home/marea/elfin_ws/devel/.private/trajcetorie_generators/share/common-lisp/ros/trajcetorie_generators/msg/Num.lisp, /home/marea/elfin_ws/devel/share/common-lisp/ros/trajcetorie_generators/msg/Num.lisp)
Linked: (/home/marea/elfin_ws/devel/.private/trajcetorie_generators/share/common-lisp/ros/trajcetorie_generators/msg/_package_Num.lisp, /home/marea/elfin_ws/devel/share/common-lisp/ros/trajcetorie_generators/msg/_package_Num.lisp)
Linked: (/home/marea/elfin_ws/devel/.private/trajcetorie_generators/share/common-lisp/ros/trajcetorie_generators/msg/_package.lisp, /home/marea/elfin_ws/devel/share/common-lisp/ros/trajcetorie_generators/msg/_package.lisp)
Linked: (/home/marea/elfin_ws/devel/.private/trajcetorie_generators/share/common-lisp/ros/trajcetorie_generators/srv/AddTwoInts.lisp, /home/marea/elfin_ws/devel/share/common-lisp/ros/trajcetorie_generators/srv/AddTwoInts.lisp)
Linked: (/home/marea/elfin_ws/devel/.private/trajcetorie_generators/share/common-lisp/ros/trajcetorie_generators/srv/_package_AddTwoInts.lisp, /home/marea/elfin_ws/devel/share/common-lisp/ros/trajcetorie_generators/srv/_package_AddTwoInts.lisp)
Linked: (/home/marea/elfin_ws/devel/.private/trajcetorie_generators/share/common-lisp/ros/trajcetorie_generators/srv/_package.lisp, /home/marea/elfin_ws/devel/share/common-lisp/ros/trajcetorie_generators/srv/_package.lisp)
Linked: (/home/marea/elfin_ws/devel/.private/trajcetorie_generators/share/common-lisp/ros/trajcetorie_generators/srv/trajcetorie_generators-srv.asd, /home/marea/elfin_ws/devel/share/common-lisp/ros/trajcetorie_generators/srv/trajcetorie_generators-srv.asd)
Linked: (/home/marea/elfin_ws/devel/.private/trajcetorie_generators/lib/trajcetorie_generators/trajectorie_sender, /home/marea/elfin_ws/devel/lib/trajcetorie_generators/trajectorie_sender)
Linked: (/home/marea/elfin_ws/devel/.private/trajcetorie_generators/lib/trajcetorie_generators/trajectorie_receiver, /home/marea/elfin_ws/devel/lib/trajcetorie_generators/trajectorie_receiver)
Linked: (/home/marea/elfin_ws/devel/.private/trajcetorie_generators/lib/python3/dist-packages/trajcetorie_generators/__init__.py, /home/marea/elfin_ws/devel/lib/python3/dist-packages/trajcetorie_generators/__init__.py)
Linked: (/home/marea/elfin_ws/devel/.private/trajcetorie_generators/lib/python3/dist-packages/trajcetorie_generators/msg/_Num.py, /home/marea/elfin_ws/devel/lib/python3/dist-packages/trajcetorie_generators/msg/_Num.py)
Linked: (/home/marea/elfin_ws/devel/.private/trajcetorie_generators/lib/python3/dist-packages/trajcetorie_generators/msg/__init__.py, /home/marea/elfin_ws/devel/lib/python3/dist-packages/trajcetorie_generators/msg/__init__.py)
Linked: (/home/marea/elfin_ws/devel/.private/trajcetorie_generators/lib/python3/dist-packages/trajcetorie_generators/srv/_AddTwoInts.py, /home/marea/elfin_ws/devel/lib/python3/dist-packages/trajcetorie_generators/srv/_AddTwoInts.py)
Linked: (/home/marea/elfin_ws/devel/.private/trajcetorie_generators/lib/python3/dist-packages/trajcetorie_generators/srv/__init__.py, /home/marea/elfin_ws/devel/lib/python3/dist-packages/trajcetorie_generators/srv/__init__.py)
Linked: (/home/marea/elfin_ws/devel/.private/trajcetorie_generators/lib/pkgconfig/trajcetorie_generators.pc, /home/marea/elfin_ws/devel/lib/pkgconfig/trajcetorie_generators.pc)
